[2025-05-14 17:59:46] ✅ Mensaje enviado a Telegram
[2025-05-14 17:59:46] Bot iniciado.
[2025-05-14 17:59:46] Estado actual: Desconocido
[2025-05-14 17:59:47] ✅ Mensaje enviado a Telegram
[2025-05-14 18:20:34] ✅ Mensaje enviado a Telegram
[2025-05-14 18:20:34] Bot iniciado.
[2025-05-14 18:20:34] Estado actual: Proximamente
[2025-05-14 18:20:34] ⌛ Todavía no hay cupos disponibles.
[2025-05-14 18:25:34] Estado actual: Proximamente
[2025-05-14 18:30:28] Bot iniciado.
[2025-05-14 18:30:30] ✅ Mensaje enviado a 880077290
[2025-05-14 18:30:30] Nuevo chat_id suscripto: 880077290
[2025-05-14 18:30:30] Estado actual: Proximamente
[2025-05-14 18:35:32] ✅ Mensaje enviado a 1456839309
[2025-05-14 18:35:32] Nuevo chat_id suscripto: 1456839309
[2025-05-14 18:35:32] Estado actual: Proximamente
[2025-05-14 22:33:59] ❌ Error escuchando /start: HTTPSConnectionPool(host='api.telegram.org', port=443): Max retries exceeded with url: /bot7552161342:AAGZLiod9Ubk_Jt_AapWzXa_lQRMqFgOwgY/getUpdates (Caused by NameResolutionError("<urllib3.connection.HTTPSConnection object at 0x000001D1CF0CAD50>: Failed to resolve 'api.telegram.org' ([Errno 11004] getaddrinfo failed)"))
[2025-05-14 22:34:00] ❌ Error: HTTPSConnectionPool(host='www.nike.com.ar', port=443): Max retries exceeded with url: /run-crew-buenos-aires (Caused by NameResolutionError("<urllib3.connection.HTTPSConnection object at 0x000001D1CF0CA0D0>: Failed to resolve 'www.nike.com.ar' ([Errno 11004] getaddrinfo failed)"))
[2025-05-15 09:25:32] Estado actual: Proximamente
[2025-05-15 09:30:33] Estado actual: Proximamente
[2025-05-15 09:35:34] Estado actual: Proximamente
[2025-05-15 09:40:35] Estado actual: Proximamente
[2025-05-15 09:45:36] Estado actual: Proximamente
[2025-05-15 09:50:37] Estado actual: Proximamente
[2025-05-15 09:55:38] Estado actual: Proximamente
[2025-05-15 10:00:39] Estado actual: Proximamente
[2025-05-15 10:05:40] Estado actual: Proximamente
[2025-05-15 10:10:41] Estado actual: Proximamente
[2025-05-15 10:11:39] ✅ Mensaje enviado a 880077290

[2025-05-15 10:11:40] ✅ Mensaje enviado a 1456839309

[2025-05-15 10:11:40] 🚀 Bot de *Nike Run Buenos Aires* iniciado.

[2025-05-15 10:11:41] Estado actual: Proximamente
[2025-05-15 10:15:43] ✅ Mensaje enviado a 880077290

[2025-05-15 10:15:44] ✅ Mensaje enviado a 1456839309

[2025-05-15 10:15:44] 🚀 Bot de *Nike Run Buenos Aires* iniciado.

[2025-05-15 10:15:45] Estado actual: Proximamente
[2025-05-15 10:20:46] Estado actual: Proximamente
[2025-05-15 10:25:46] Estado actual: Proximamente
[2025-05-15 10:30:47] Estado actual: Proximamente
[2025-05-15 10:35:48] Estado actual: Proximamente
[2025-05-15 10:40:49] Estado actual: Proximamente
[2025-05-15 10:48:25] ✅ Mensaje enviado a 880077290

[2025-05-15 10:48:26] ✅ Mensaje enviado a 1456839309

[2025-05-15 10:48:26] 🚀 Bot de *Nike Run Buenos Aires* iniciado.

[2025-05-15 10:48:27] Estado actual: Proximamente
